
--- Request: m=2, y=2026 ---
Filter: Start <= 2026-02-28 AND Target >= 2026-02-01
Total Tasks Before Filter: 4
Task 1 'Task1': 2026-02-01 to 2026-04-01. Overlaps? True
Task 6 'Task 2': 2026-01-01 to 2026-03-31. Overlaps? True
Task 7 'New Task': 2026-01-01 to 2026-01-31. Overlaps? False
Task 8 'Task4': 2026-03-03 to 2026-04-04. Overlaps? False

--- Request: m=2, y=2026 ---
Filter: Start <= 2026-02-28 AND Target >= 2026-02-01
Total Tasks Before Filter: 4
Task 1 'Task1': 2026-02-01 to 2026-04-01. Overlaps? True
Task 6 'Task 2': 2026-01-01 to 2026-03-31. Overlaps? True
Task 7 'New Task': 2026-01-01 to 2026-01-31. Overlaps? False
Task 8 'Task4': 2026-03-03 to 2026-04-04. Overlaps? False

--- Request: m=2, y=2026 ---
Filter: Start <= 2026-02-28 AND Target >= 2026-02-01
Total Tasks Before Filter: 1
Task 9 'Task from xyz company': 2026-02-10 to 2026-02-24. Overlaps? True

--- Request: m=2, y=2026 ---
Filter: Start <= 2026-02-28 AND Target >= 2026-02-01
Total Tasks Before Filter: 1
Task 9 'Task from xyz company': 2026-02-10 to 2026-02-24. Overlaps? True

--- Request: m=2, y=2026 ---
Filter: Start <= 2026-02-28 AND Target >= 2026-02-01
Total Tasks Before Filter: 4
Task 1 'Task1': 2026-02-01 to 2026-04-01. Overlaps? True
Task 6 'Task 2': 2026-01-01 to 2026-03-31. Overlaps? True
Task 7 'New Task': 2026-01-01 to 2026-01-31. Overlaps? False
Task 8 'Task4': 2026-03-03 to 2026-04-04. Overlaps? False

--- Request: m=2, y=2026 ---
Filter: Start <= 2026-02-28 AND Target >= 2026-02-01
Total Tasks Before Filter: 4
Task 1 'Task1': 2026-02-01 to 2026-04-01. Overlaps? True
Task 6 'Task 2': 2026-01-01 to 2026-03-31. Overlaps? True
Task 7 'New Task': 2026-01-01 to 2026-01-31. Overlaps? False
Task 8 'Task4': 2026-03-03 to 2026-04-04. Overlaps? False

--- Request: m=2, y=2026 ---
Filter: Start <= 2026-02-28 AND Target >= 2026-02-01
Total Tasks Before Filter: 4
Task 1 'Task1': 2026-02-01 to 2026-04-01. Overlaps? True
Task 6 'Task 2': 2026-01-01 to 2026-03-31. Overlaps? True
Task 7 'New Task': 2026-01-01 to 2026-01-31. Overlaps? False
Task 8 'Task4': 2026-03-03 to 2026-04-04. Overlaps? False

--- Request: m=2, y=2026 ---
Filter: Start <= 2026-02-28 AND Target >= 2026-02-01
Total Tasks Before Filter: 4
Task 1 'Task1': 2026-02-01 to 2026-04-01. Overlaps? True
Task 6 'Task 2': 2026-01-01 to 2026-03-31. Overlaps? True
Task 7 'New Task': 2026-01-01 to 2026-01-31. Overlaps? False
Task 8 'Task4': 2026-03-03 to 2026-04-04. Overlaps? False
