INFO:root:User: arjun.verma@example.com (SGM) | ClientID: None | Month: None | Year: None | Count: 5
INFO:root:User: arjun.verma@example.com (SGM) | ClientID: None | Month: None | Year: None | Count: 5
INFO:root:User: arjun.verma@example.com (SGM) | ClientID: None | Month: None | Year: None | Count: 1
INFO:root:User: arjun.verma@example.com (SGM) | ClientID: None | Month: None | Year: None | Count: 1
INFO:root:User: arjun.verma@example.com (SGM) | ClientID: None | Month: None | Year: None | Count: 5
INFO:root:User: arjun.verma@example.com (SGM) | ClientID: None | Month: None | Year: None | Count: 5
INFO:root:User: arjun.verma@example.com (SGM) | ClientID: None | Month: None | Year: None | Count: 5
INFO:root:User: arjun.verma@example.com (SGM) | ClientID: None | Month: None | Year: None | Count: 0
INFO:root:User: arjun.verma@example.com (SGM) | ClientID: None | Month: None | Year: None | Count: 0
INFO:root:User: arjun.verma@example.com (SGM) | ClientID: None | Month: None | Year: None | Count: 0
WARNING:django.request:Bad Request: /api/ddtme/big-tasks/
WARNING:django.request:Forbidden: /api/admin/users/
WARNING:django.request:Forbidden: /api/admin/users/
WARNING:django.request:Forbidden: /api/admin/users/
WARNING:django.request:Forbidden: /api/admin/users/
WARNING:django.request:Forbidden: /api/admin/users/
WARNING:django.request:Forbidden: /api/admin/users/
WARNING:django.request:Forbidden: /api/admin/users/
WARNING:django.request:Forbidden: /api/admin/users/
WARNING:django.request:Forbidden: /api/admin/users/
WARNING:django.request:Forbidden: /api/admin/users/
ERROR:django.request:Internal Server Error: /api/employees/list/
Traceback (most recent call last):
  File "C:\Python\Python312\Lib\site-packages\django\core\handlers\exception.py", line 55, in inner
    response = get_response(request)
               ^^^^^^^^^^^^^^^^^^^^^
  File "C:\Python\Python312\Lib\site-packages\django\core\handlers\base.py", line 220, in _get_response
    response = response.render()
               ^^^^^^^^^^^^^^^^^
  File "C:\Python\Python312\Lib\site-packages\django\template\response.py", line 114, in render
    self.content = self.rendered_content
                   ^^^^^^^^^^^^^^^^^^^^^
  File "C:\Python\Python312\Lib\site-packages\django\template\response.py", line 90, in rendered_content
    template = self.resolve_template(self.template_name)
               ^^^^^^^^^^^^^^^^^^^^^^^^^^^^^^^^^^^^^^^^^
  File "C:\Python\Python312\Lib\site-packages\django\template\response.py", line 72, in resolve_template
    return select_template(template, using=self.using)
           ^^^^^^^^^^^^^^^^^^^^^^^^^^^^^^^^^^^^^^^^^^^
  File "C:\Python\Python312\Lib\site-packages\django\template\loader.py", line 47, in select_template
    raise TemplateDoesNotExist(", ".join(template_name_list), chain=chain)
django.template.exceptions.TemplateDoesNotExist: index.html
ERROR:django.request:Internal Server Error: /api/employees/list/
Traceback (most recent call last):
  File "C:\Python\Python312\Lib\site-packages\django\core\handlers\exception.py", line 55, in inner
    response = get_response(request)
               ^^^^^^^^^^^^^^^^^^^^^
  File "C:\Python\Python312\Lib\site-packages\django\core\handlers\base.py", line 220, in _get_response
    response = response.render()
               ^^^^^^^^^^^^^^^^^
  File "C:\Python\Python312\Lib\site-packages\django\template\response.py", line 114, in render
    self.content = self.rendered_content
                   ^^^^^^^^^^^^^^^^^^^^^
  File "C:\Python\Python312\Lib\site-packages\django\template\response.py", line 90, in rendered_content
    template = self.resolve_template(self.template_name)
               ^^^^^^^^^^^^^^^^^^^^^^^^^^^^^^^^^^^^^^^^^
  File "C:\Python\Python312\Lib\site-packages\django\template\response.py", line 72, in resolve_template
    return select_template(template, using=self.using)
           ^^^^^^^^^^^^^^^^^^^^^^^^^^^^^^^^^^^^^^^^^^^
  File "C:\Python\Python312\Lib\site-packages\django\template\loader.py", line 47, in select_template
    raise TemplateDoesNotExist(", ".join(template_name_list), chain=chain)
django.template.exceptions.TemplateDoesNotExist: index.html
INFO:root:User: arjun.verma@example.com (SGM) | ClientID: 17 | Month: 7 | Year: 2026 | Count: 0
INFO:root:User: arjun.verma@example.com (SGM) | ClientID: 17 | Month: 7 | Year: 2026 | Count: 0
INFO:root:SubReq: User=arjun.verma@example.com (SGM) | Role=SGM | CID=17 | M=7 | Y=2026 | Count=0
INFO:root:SubReq: User=arjun.verma@example.com (SGM) | Role=SGM | CID=17 | M=7 | Y=2026 | Count=0
INFO:root:User: arjun.verma@example.com (SGM) | ClientID: 17 | Month: 7 | Year: 2026 | Count: 0
INFO:root:User: arjun.verma@example.com (SGM) | ClientID: 17 | Month: 7 | Year: 2026 | Count: 0
INFO:root:SubReq: User=arjun.verma@example.com (SGM) | Role=SGM | CID=17 | M=7 | Y=2026 | Count=0
INFO:root:SubReq: User=arjun.verma@example.com (SGM) | Role=SGM | CID=17 | M=7 | Y=2026 | Count=0
INFO:root:SubReq: User=arjun.verma@example.com (SGM) | Role=SGM | CID=17 | M=None | Y=None | Count=1
INFO:root:Sub Found: OLA - 2/2026 (Approved)
INFO:root:SubReq: User=arjun.verma@example.com (SGM) | Role=SGM | CID=17 | M=None | Y=None | Count=1
INFO:root:Sub Found: OLA - 2/2026 (Approved)
INFO:root:User: arjun.verma@example.com (SGM) | ClientID: 17 | Month: 7 | Year: 2026 | Count: 0
INFO:root:User: arjun.verma@example.com (SGM) | ClientID: 17 | Month: 7 | Year: 2026 | Count: 0
INFO:root:SubReq: User=arjun.verma@example.com (SGM) | Role=SGM | CID=17 | M=7 | Y=2026 | Count=0
INFO:root:SubReq: User=arjun.verma@example.com (SGM) | Role=SGM | CID=17 | M=7 | Y=2026 | Count=0
INFO:root:User: arjun.verma@example.com (SGM) | ClientID: 17 | Month: 7 | Year: 2026 | Count: 0
INFO:root:User: arjun.verma@example.com (SGM) | ClientID: 17 | Month: 7 | Year: 2026 | Count: 0
INFO:root:SubReq: User=arjun.verma@example.com (SGM) | Role=SGM | CID=17 | M=7 | Y=2026 | Count=0
INFO:root:SubReq: User=arjun.verma@example.com (SGM) | Role=SGM | CID=17 | M=7 | Y=2026 | Count=0
INFO:root:User: arjun.verma@example.com (SGM) | ClientID: 17 | Month: 7 | Year: 2026 | Count: 0
INFO:root:User: arjun.verma@example.com (SGM) | ClientID: 17 | Month: 7 | Year: 2026 | Count: 0
INFO:root:SubReq: User=arjun.verma@example.com (SGM) | Role=SGM | CID=17 | M=7 | Y=2026 | Count=0
INFO:root:SubReq: User=arjun.verma@example.com (SGM) | Role=SGM | CID=17 | M=7 | Y=2026 | Count=0
INFO:root:User: arjun.verma@example.com (SGM) | ClientID: None | Month: None | Year: None | Count: 5
INFO:root:User: arjun.verma@example.com (SGM) | ClientID: None | Month: None | Year: None | Count: 5
INFO:root:User: arjun.verma@example.com (SGM) | ClientID: None | Month: None | Year: None | Count: 5
INFO:root:User: arjun.verma@example.com (SGM) | ClientID: None | Month: None | Year: None | Count: 5
INFO:root:User: arjun.verma@example.com (SGM) | ClientID: None | Month: None | Year: None | Count: 9
INFO:root:User: arjun.verma@example.com (SGM) | ClientID: None | Month: None | Year: None | Count: 4
